#
# A fatal error has been detected by the Java Runtime Environment:
#
#  SIGSEGV (0xb) at pc=0x00007fffcb60305d, pid=83889, tid=0x0000000000000307
#
# JRE version: Java(TM) SE Runtime Environment (8.0_131-b11) (build 1.8.0_131-b11)
# Java VM: Java HotSpot(TM) 64-Bit Server VM (25.131-b11 mixed mode bsd-amd64 compressed oops)
# Problematic frame:
# C  [libobjc.A.dylib+0x705d]  objc_msgSend+0x1d
#
# Failed to write core dump. Core dumps have been disabled. To enable core dumping, try "ulimit -c unlimited" before starting Java again
#
# If you would like to submit a bug report, please visit:
#   http://bugreport.java.com/bugreport/crash.jsp
# The crash happened outside the Java Virtual Machine in native code.
# See problematic frame for where to report the bug.
#

---------------  T H R E A D  ---------------

Current thread (0x00007fc7b4853800):  JavaThread "AppKit Thread" daemon [_thread_in_native, id=775, stack(0x00007fff52260000,0x00007fff52a60000)]

siginfo: si_signo: 11 (SIGSEGV), si_code: 1 (SEGV_MAPERR), si_addr: 0x0000000000000018

Registers:
RAX=0x0000000000000000, RBX=0x00007fc7b3d609c0, RCX=0x0000000000000000, RDX=0x00000000000fbfa0
RSP=0x00007fff52a5a188, RBP=0x00007fff52a5a1b0, RSI=0x00007fffb4eef7ab, RDI=0x00007fc7b3c980b0
R8 =0x0000000000000003, R9 =0x0000000000000000, R10=0x0000000000000000, R11=0x00007fffb4eef7ab
R12=0x0000000000000094, R13=0x00007fffb4ed217f, R14=0x00007fc7b3c980b0, R15=0x0000000000000000
RIP=0x00007fffcb60305d, EFLAGS=0x0000000000010246, ERR=0x0000000000000004
  TRAPNO=0x000000000000000e

Top of Stack: (sp=0x00007fff52a5a188)
0x00007fff52a5a188:   000000013042d598 00007fc7b3d609c0
0x00007fff52a5a198:   0000000130461c60 00007fc7b3e3e8f0
0x00007fff52a5a1a8:   00007fc7b3e3e8f0 00007fff52a5a720
0x00007fff52a5a1b8:   00007fffb43bee7b 0000000000000000
0x00007fff52a5a1c8:   0000000000000000 4089000000000000
0x00007fff52a5a1d8:   4082c00000000000 0000000000000000
0x00007fff52a5a1e8:   0000000000000000 4089000000000000
0x00007fff52a5a1f8:   4082c00000000000 00007fff52a5a220
0x00007fff52a5a208:   00007fffb6f03f20 0000000000000980
0x00007fff52a5a218:   ffff80384c0b6550 00007fc7b3f49ab0
0x00007fff52a5a228:   00007fffd4d60480 00007fff52a5a290
0x00007fff52a5a238:   00007fffcb60b243 00007fffd4d60e00
0x00007fff52a5a248:   00000001b4e8a100 00007fc7b3f49ab0
0x00007fff52a5a258:   ffff80384c0b6550 00007fc7b61d5720
0x00007fff52a5a268:   00007fc7b3f485d0 00007fffb4e8a100
0x00007fff52a5a278:   00007fc7b3d609c0 00007fffcb603040
0x00007fff52a5a288:   00007fff52a5a2f0 00007fff52a5a2e0
0x00007fff52a5a298:   00007fffb4a9891f 401c000000000000
0x00007fff52a5a2a8:   4082e00000000000 402c000000000000
0x00007fff52a5a2b8:   0000000000000000 00007fff00000000
0x00007fff52a5a2c8:   0000000000000000 00007fffb4ea3bb8
0x00007fff52a5a2d8:   00007fc7b3f48500 0000000152a5a330
0x00007fff52a5a2e8:   00007fc7b3f485d0 0000000000000088
0x00007fff52a5a2f8:   00007fc7b3f2af90 012c000000000000
0x00007fff52a5a308:   00007fc7b3d609c0 00007fff52a5a330
0x00007fff52a5a318:   00007fc7b3f485d0 00007fff52a5a400
0x00007fff52a5a328:   00007fc7b3f485d0 00007fff52a5a370
0x00007fff52a5a338:   00007fffb4476c42 401c000000000000
0x00007fff52a5a348:   4082d80000000000 402c000000000000
0x00007fff52a5a358:   4030000000000000 00007fff52a5a400
0x00007fff52a5a368:   00007fc7b3f485d0 00007fff52a5a3f0
0x00007fff52a5a378:   00007fffb4476be4 401c000000000000 

Instructions: (pc=0x00007fffcb60305d)
0x00007fffcb60303d:   0f 1f 00 48 85 ff 2e 74 62 40 f6 c7 01 2e 75 66
0x00007fffcb60304d:   49 ba f8 ff ff ff ff 7f 00 00 4c 23 17 49 89 f3
0x00007fffcb60305d:   45 23 5a 18 49 c1 e3 04 4d 03 5a 10 49 3b 33 75
0x00007fffcb60306d:   04 41 ff 63 08 49 83 3b 01 76 0d 49 83 c3 10 49 

Register to memory mapping:

RAX=0x0000000000000000 is an unknown value
RBX=0x00007fc7b3d609c0 is an unknown value
RCX=0x0000000000000000 is an unknown value
RDX=0x00000000000fbfa0 is an unknown value
RSP=0x00007fff52a5a188 is pointing into the stack for thread: 0x00007fc7b4853800
RBP=0x00007fff52a5a1b0 is pointing into the stack for thread: 0x00007fc7b4853800
RSI=0x00007fffb4eef7ab: __NSStyleNameIndexTable+0xe03f3 in /System/Library/Frameworks/AppKit.framework/Versions/C/AppKit at 0x00007fffb4222000
RDI=0x00007fc7b3c980b0 is an unknown value
R8 =0x0000000000000003 is an unknown value
R9 =0x0000000000000000 is an unknown value
R10=0x0000000000000000 is an unknown value
R11=0x00007fffb4eef7ab: __NSStyleNameIndexTable+0xe03f3 in /System/Library/Frameworks/AppKit.framework/Versions/C/AppKit at 0x00007fffb4222000
R12=0x0000000000000094 is an unknown value
R13=0x00007fffb4ed217f: __NSStyleNameIndexTable+0xc2dc7 in /System/Library/Frameworks/AppKit.framework/Versions/C/AppKit at 0x00007fffb4222000
R14=0x00007fc7b3c980b0 is an unknown value
R15=0x0000000000000000 is an unknown value


Stack: [0x00007fff52260000,0x00007fff52a60000],  sp=0x00007fff52a5a188,  free space=8168k
Native frames: (J=compiled Java code, j=interpreted, Vv=VM code, C=native code)
C  [libobjc.A.dylib+0x705d]  objc_msgSend+0x1d
C  [AppKit+0x19ce7b]  -[NSView _recursiveDisplayRectIfNeededIgnoringOpacity:isVisibleRect:rectIsVisibleRectForView:topView:]+0x6ee
C  [AppKit+0x19d6d1]  -[NSView _recursiveDisplayRectIfNeededIgnoringOpacity:isVisibleRect:rectIsVisibleRectForView:topView:]+0xf44
C  [AppKit+0x19c2af]  -[NSThemeFrame _recursiveDisplayRectIfNeededIgnoringOpacity:isVisibleRect:rectIsVisibleRectForView:topView:]+0x14e
C  [AppKit+0x19a6d8]  -[NSView _displayRectIgnoringOpacity:isVisibleRect:rectIsVisibleRectForView:]+0x994
C  [AppKit+0x195fca]  -[NSView displayIfNeeded]+0x6d4
C  [AppKit+0x1958db]  -[NSWindow displayIfNeeded]+0xe6
C  [AppKit+0x8f5cb4]  ___NSWindowGetDisplayCycleObserver_block_invoke.6228+0x115
C  [AppKit+0x1953b9]  __37+[NSDisplayCycle currentDisplayCycle]_block_invoke+0x1c6
C  [QuartzCore+0x11d06]  _ZN2CA11Transaction19run_commit_handlersE18CATransactionPhase+0x2e
C  [QuartzCore+0x11b8bc]  _ZN2CA7Context18commit_transactionEPNS_11TransactionE+0xa0
C  [QuartzCore+0x107e1]  _ZN2CA11Transaction6commitEv+0x1db
C  [AppKit+0x4788b1]  __37+[NSDisplayCycle currentDisplayCycle]_block_invoke.31+0x143
C  [CoreFoundation+0xa6d37]  __CFRUNLOOP_IS_CALLING_OUT_TO_AN_OBSERVER_CALLBACK_FUNCTION__+0x17
C  [CoreFoundation+0xa6ca7]  __CFRunLoopDoObservers+0x187
C  [CoreFoundation+0x876d9]  __CFRunLoopRun+0x369
C  [CoreFoundation+0x87114]  CFRunLoopRunSpecific+0x1a4
C  [HIToolbox+0x30ebc]  RunCurrentEventLoopInMode+0xf0
C  [HIToolbox+0x30bf9]  ReceiveNextEventCommon+0xb8
C  [HIToolbox+0x30b26]  _BlockUntilNextEventMatchingListInModeWithFilter+0x47
C  [AppKit+0x46a54]  _DPSNextEvent+0x460
C  [AppKit+0x7c27ee]  -[NSApplication(NSEvent) _nextEventMatchingEventMask:untilDate:inMode:dequeue:]+0xaec
C  [libosxapp.dylib+0x23aa]  -[NSApplicationAWT nextEventMatchingMask:untilDate:inMode:dequeue:]+0x7c
C  [AppKit+0x3b3db]  -[NSApplication run]+0x39e
C  [libosxapp.dylib+0x214d]  +[NSApplicationAWT runAWTLoopWithApp:]+0x9c
C  [libawt_lwawt.dylib+0x45edf]  -[AWTStarter starter:]+0x389
C  [Foundation+0x7152a]  __NSThreadPerformPerform+0x146
C  [CoreFoundation+0xa7321]  __CFRUNLOOP_IS_CALLING_OUT_TO_A_SOURCE0_PERFORM_FUNCTION__+0x11
C  [CoreFoundation+0x8821d]  __CFRunLoopDoSources0+0x22d
C  [CoreFoundation+0x87716]  __CFRunLoopRun+0x3a6
C  [CoreFoundation+0x87114]  CFRunLoopRunSpecific+0x1a4
C  [java+0x6465]  CreateExecutionEnvironment+0x367
C  [java+0x218c]  JLI_Launch+0x7a0
C  [java+0x84c2]  main+0x65
C  [java+0x19e4]  start+0x34
C  0x0000000000000006


---------------  P R O C E S S  ---------------

Java Threads: ( => current thread )
  0x00007fc7b4125000 JavaThread "AWT-Shutdown" [_thread_blocked, id=32287, stack(0x00007000043f8000,0x00007000044f8000)]
=>0x00007fc7b4853800 JavaThread "AppKit Thread" daemon [_thread_in_native, id=775, stack(0x00007fff52260000,0x00007fff52a60000)]
  0x00007fc7b603c000 JavaThread "Service Thread" daemon [_thread_blocked, id=21251, stack(0x000070000416f000,0x000070000426f000)]
  0x00007fc7b5834800 JavaThread "C1 CompilerThread3" daemon [_thread_blocked, id=20739, stack(0x000070000406c000,0x000070000416c000)]
  0x00007fc7b4821800 JavaThread "C2 CompilerThread2" daemon [_thread_blocked, id=20227, stack(0x0000700003f69000,0x0000700004069000)]
  0x00007fc7b481f000 JavaThread "C2 CompilerThread1" daemon [_thread_blocked, id=19715, stack(0x0000700003e66000,0x0000700003f66000)]
  0x00007fc7b4009800 JavaThread "C2 CompilerThread0" daemon [_thread_blocked, id=19203, stack(0x0000700003d63000,0x0000700003e63000)]
  0x00007fc7b6014800 JavaThread "Signal Dispatcher" daemon [_thread_blocked, id=18691, stack(0x0000700003c60000,0x0000700003d60000)]
  0x00007fc7b6005000 JavaThread "Finalizer" daemon [_thread_blocked, id=14595, stack(0x0000700003b5d000,0x0000700003c5d000)]
  0x00007fc7b6002000 JavaThread "Reference Handler" daemon [_thread_blocked, id=14083, stack(0x0000700003a5a000,0x0000700003b5a000)]
  0x00007fc7b4003800 JavaThread "main" [_thread_in_native, id=7171, stack(0x000070000303c000,0x000070000313c000)]

Other Threads:
  0x00007fc7b4817000 VMThread [stack: 0x0000700003957000,0x0000700003a57000] [id=13571]
  0x00007fc7b6009800 WatcherThread [stack: 0x0000700004272000,0x0000700004372000] [id=21763]

VM state:not at safepoint (normal execution)

VM Mutex/Monitor currently owned by a thread: None

Heap:
 PSYoungGen      total 76288K, used 8065K [0x000000076ab00000, 0x0000000770000000, 0x00000007c0000000)
  eden space 65536K, 12% used [0x000000076ab00000,0x000000076b2e0438,0x000000076eb00000)
  from space 10752K, 0% used [0x000000076f580000,0x000000076f580000,0x0000000770000000)
  to   space 10752K, 0% used [0x000000076eb00000,0x000000076eb00000,0x000000076f580000)
 ParOldGen       total 175104K, used 0K [0x00000006c0000000, 0x00000006cab00000, 0x000000076ab00000)
  object space 175104K, 0% used [0x00000006c0000000,0x00000006c0000000,0x00000006cab00000)
 Metaspace       used 6060K, capacity 6255K, committed 6400K, reserved 1056768K
  class space    used 623K, capacity 696K, committed 768K, reserved 1048576K

Card table byte_map: [0x000000010f763000,0x000000010ff64000] byte_map_base: 0x000000010c163000

Marking Bits: (ParMarkBitMap*) 0x000000010ecf1ea0
 Begin Bits: [0x0000000122011000, 0x0000000126011000)
 End Bits:   [0x0000000126011000, 0x000000012a011000)

Polling page: 0x000000010d260000

CodeCache: size=245760Kb used=1946Kb max_used=1957Kb free=243813Kb
 bounds [0x0000000113011000, 0x0000000113281000, 0x0000000122011000]
 total_blobs=776 nmethods=436 adapters=254
 compilation: enabled

Compilation events (10 events):
Event: 1.751 Thread 0x00007fc7b5834800 nmethod 429 0x00000001131f2690 code [0x00000001131f2800, 0x00000001131f29f8]
Event: 1.759 Thread 0x00007fc7b5834800  430       3       java.nio.HeapByteBuffer::put (167 bytes)
Event: 1.759 Thread 0x00007fc7b5834800 nmethod 430 0x00000001131efe50 code [0x00000001131f00c0, 0x00000001131f1438]
Event: 1.771 Thread 0x00007fc7b5834800  431       3       java.nio.DirectIntBufferU::put (18 bytes)
Event: 1.771 Thread 0x00007fc7b5834800 nmethod 431 0x00000001131ef950 code [0x00000001131efac0, 0x00000001131efd30]
Event: 1.885 Thread 0x00007fc7b5834800  433 % !   3       org.lwjgl.opengl.Sync::sync @ 65 (125 bytes)
Event: 1.886 Thread 0x00007fc7b5834800 nmethod 433% 0x00000001131f3850 code [0x00000001131f3b80, 0x00000001131f53f8]
Event: 1.901 Thread 0x00007fc7b5834800  434   !   3       org.lwjgl.opengl.Sync::sync (125 bytes)
Event: 1.902 Thread 0x00007fc7b5834800 nmethod 434 0x00000001131f5f90 code [0x00000001131f62a0, 0x00000001131f7998]
Event: 2.085 Thread 0x00007fc7b4009800  436       4       java.nio.DirectByteBuffer::put (18 bytes)

GC Heap History (0 events):
No events

Deoptimization events (0 events):
No events

Internal exceptions (10 events):
Event: 0.026 Thread 0x00007fc7b4003800 Exception <a 'java/lang/NoSuchMethodError': Method sun.misc.Unsafe.defineClass(Ljava/lang/String;[BII)Ljava/lang/Class; name or signature does not match> (0x000000076ab07ca8) thrown at [/Users/java_re/workspace/8-2-build-macosx-x86_64/jdk8u131/8869/hotspo
Event: 0.026 Thread 0x00007fc7b4003800 Exception <a 'java/lang/NoSuchMethodError': Method sun.misc.Unsafe.prefetchRead(Ljava/lang/Object;J)V name or signature does not match> (0x000000076ab07f90) thrown at [/Users/java_re/workspace/8-2-build-macosx-x86_64/jdk8u131/8869/hotspot/src/share/vm/pri
Event: 0.101 Thread 0x00007fc7b4003800 Exception <a 'java/security/PrivilegedActionException'> (0x000000076ac441d8) thrown at [/Users/java_re/workspace/8-2-build-macosx-x86_64/jdk8u131/8869/hotspot/src/share/vm/prims/jvm.cpp, line 1390]
Event: 0.101 Thread 0x00007fc7b4003800 Exception <a 'java/security/PrivilegedActionException'> (0x000000076ac443e8) thrown at [/Users/java_re/workspace/8-2-build-macosx-x86_64/jdk8u131/8869/hotspot/src/share/vm/prims/jvm.cpp, line 1390]
Event: 0.102 Thread 0x00007fc7b4003800 Exception <a 'java/security/PrivilegedActionException'> (0x000000076ac47900) thrown at [/Users/java_re/workspace/8-2-build-macosx-x86_64/jdk8u131/8869/hotspot/src/share/vm/prims/jvm.cpp, line 1390]
Event: 0.102 Thread 0x00007fc7b4003800 Exception <a 'java/security/PrivilegedActionException'> (0x000000076ad8f638) thrown at [/Users/java_re/workspace/8-2-build-macosx-x86_64/jdk8u131/8869/hotspot/src/share/vm/prims/jvm.cpp, line 1390]
Event: 0.132 Thread 0x00007fc7b4003800 Exception <a 'java/lang/NoSuchFieldError': method resolution failed> (0x000000076ae5c318) thrown at [/Users/java_re/workspace/8-2-build-macosx-x86_64/jdk8u131/8869/hotspot/src/share/vm/prims/methodHandles.cpp, line 1146]
Event: 0.133 Thread 0x00007fc7b4003800 Exception <a 'java/lang/NoSuchFieldError': method resolution failed> (0x000000076ae69a68) thrown at [/Users/java_re/workspace/8-2-build-macosx-x86_64/jdk8u131/8869/hotspot/src/share/vm/prims/methodHandles.cpp, line 1146]
Event: 0.255 Thread 0x00007fc7b4003800 Exception <a 'java/io/FileNotFoundException'> (0x000000076aee4bf0) thrown at [/Users/java_re/workspace/8-2-build-macosx-x86_64/jdk8u131/8869/hotspot/src/share/vm/prims/jni.cpp, line 709]
Event: 0.255 Thread 0x00007fc7b4003800 Exception <a 'java/io/FileNotFoundException'> (0x000000076aee5798) thrown at [/Users/java_re/workspace/8-2-build-macosx-x86_64/jdk8u131/8869/hotspot/src/share/vm/prims/jni.cpp, line 709]

Events (10 events):
Event: 0.376 loading class org/lwjgl/opengl/ReferencesStack
Event: 0.376 loading class org/lwjgl/opengl/ReferencesStack done
Event: 0.383 loading class org/lwjgl/input/Controllers
Event: 0.383 loading class org/lwjgl/input/Controllers done
Event: 0.401 loading class org/lwjgl/opengl/Sync
Event: 0.401 loading class org/lwjgl/opengl/Sync done
Event: 0.401 loading class org/lwjgl/opengl/Sync$RunningAvg
Event: 0.401 loading class org/lwjgl/opengl/Sync$RunningAvg done
Event: 2.084 loading class org/lwjgl/opengl/CallbackUtil
Event: 2.084 loading class org/lwjgl/opengl/CallbackUtil done


Dynamic libraries:
0x0000000041371000 	/System/Library/Frameworks/Cocoa.framework/Versions/A/Cocoa
0x0000000041371000 	/System/Library/Frameworks/Security.framework/Versions/A/Security
0x0000000041371000 	/System/Library/Frameworks/ApplicationServices.framework/Versions/A/ApplicationServices
0x0000000041371000 	/usr/lib/libz.1.dylib
0x0000000041371000 	/usr/lib/libSystem.B.dylib
0x0000000041371000 	/usr/lib/libobjc.A.dylib
0x0000000041371000 	/System/Library/Frameworks/CoreFoundation.framework/Versions/A/CoreFoundation
0x0000000041371000 	/System/Library/Frameworks/Foundation.framework/Versions/C/Foundation
0x0000000041371000 	/System/Library/Frameworks/AppKit.framework/Versions/C/AppKit
0x0000000041371000 	/System/Library/Frameworks/CoreData.framework/Versions/A/CoreData
0x0000000041371000 	/System/Library/PrivateFrameworks/RemoteViewServices.framework/Versions/A/RemoteViewServices
0x0000000041371000 	/System/Library/PrivateFrameworks/UIFoundation.framework/Versions/A/UIFoundation
0x0000000041371000 	/System/Library/PrivateFrameworks/DFRFoundation.framework/Versions/A/DFRFoundation
0x0000000041371000 	/usr/lib/libenergytrace.dylib
0x0000000041371000 	/System/Library/PrivateFrameworks/SkyLight.framework/Versions/A/SkyLight
0x0000000041371000 	/System/Library/Frameworks/CoreGraphics.framework/Versions/A/CoreGraphics
0x0000000041371000 	/usr/lib/libScreenReader.dylib
0x0000000041371000 	/System/Library/Frameworks/Accelerate.framework/Versions/A/Accelerate
0x0000000041371000 	/System/Library/Frameworks/IOSurface.framework/Versions/A/IOSurface
0x0000000041371000 	/System/Library/Frameworks/AudioToolbox.framework/Versions/A/AudioToolbox
0x0000000041371000 	/System/Library/Frameworks/AudioUnit.framework/Versions/A/AudioUnit
0x0000000041371000 	/System/Library/PrivateFrameworks/DataDetectorsCore.framework/Versions/A/DataDetectorsCore
0x0000000041371000 	/System/Library/PrivateFrameworks/DesktopServicesPriv.framework/Versions/A/DesktopServicesPriv
0x0000000041371000 	/System/Library/Frameworks/Carbon.framework/Versions/A/Frameworks/HIToolbox.framework/Versions/A/HIToolbox
0x0000000041371000 	/usr/lib/libicucore.A.dylib
0x0000000041371000 	/System/Library/Frameworks/QuartzCore.framework/Versions/A/QuartzCore
0x0000000041371000 	/System/Library/Frameworks/Carbon.framework/Versions/A/Frameworks/SpeechRecognition.framework/Versions/A/SpeechRecognition
0x0000000041371000 	/usr/lib/libauto.dylib
0x0000000041371000 	/usr/lib/libxml2.2.dylib
0x0000000041371000 	/System/Library/PrivateFrameworks/CoreUI.framework/Versions/A/CoreUI
0x0000000041371000 	/System/Library/Frameworks/CoreAudio.framework/Versions/A/CoreAudio
0x0000000041371000 	/System/Library/Frameworks/DiskArbitration.framework/Versions/A/DiskArbitration
0x0000000041371000 	/usr/lib/liblangid.dylib
0x0000000041371000 	/System/Library/PrivateFrameworks/MultitouchSupport.framework/Versions/A/MultitouchSupport
0x0000000041371000 	/System/Library/Frameworks/IOKit.framework/Versions/A/IOKit
0x0000000041371000 	/usr/lib/libDiagnosticMessagesClient.dylib
0x0000000041371000 	/System/Library/Frameworks/CoreServices.framework/Versions/A/CoreServices
0x0000000041371000 	/System/Library/PrivateFrameworks/PerformanceAnalysis.framework/Versions/A/PerformanceAnalysis
0x0000000041371000 	/System/Library/PrivateFrameworks/GenerationalStorage.framework/Versions/A/GenerationalStorage
0x0000000041371000 	/System/Library/Frameworks/OpenGL.framework/Versions/A/OpenGL
0x0000000041371000 	/System/Library/Frameworks/CoreImage.framework/Versions/A/CoreImage
0x0000000041371000 	/System/Library/Frameworks/CoreText.framework/Versions/A/CoreText
0x0000000041371000 	/System/Library/Frameworks/ImageIO.framework/Versions/A/ImageIO
0x0000000041371000 	/System/Library/PrivateFrameworks/Backup.framework/Versions/A/Backup
0x0000000041371000 	/usr/lib/libarchive.2.dylib
0x0000000041371000 	/System/Library/Frameworks/CFNetwork.framework/Versions/A/CFNetwork
0x0000000041371000 	/System/Library/Frameworks/SystemConfiguration.framework/Versions/A/SystemConfiguration
0x0000000041371000 	/usr/lib/libCRFSuite.dylib
0x0000000041371000 	/usr/lib/libc++.1.dylib
0x0000000041371000 	/usr/lib/libc++abi.dylib
0x0000000041371000 	/usr/lib/system/libcache.dylib
0x0000000041371000 	/usr/lib/system/libcommonCrypto.dylib
0x0000000041371000 	/usr/lib/system/libcompiler_rt.dylib
0x0000000041371000 	/usr/lib/system/libcopyfile.dylib
0x0000000041371000 	/usr/lib/system/libcorecrypto.dylib
0x0000000041371000 	/usr/lib/system/libdispatch.dylib
0x0000000041371000 	/usr/lib/system/libdyld.dylib
0x0000000041371000 	/usr/lib/system/libkeymgr.dylib
0x0000000041371000 	/usr/lib/system/liblaunch.dylib
0x0000000041371000 	/usr/lib/system/libmacho.dylib
0x0000000041371000 	/usr/lib/system/libquarantine.dylib
0x0000000041371000 	/usr/lib/system/libremovefile.dylib
0x0000000041371000 	/usr/lib/system/libsystem_asl.dylib
0x0000000041371000 	/usr/lib/system/libsystem_blocks.dylib
0x0000000041371000 	/usr/lib/system/libsystem_c.dylib
0x0000000041371000 	/usr/lib/system/libsystem_configuration.dylib
0x0000000041371000 	/usr/lib/system/libsystem_coreservices.dylib
0x0000000041371000 	/usr/lib/system/libsystem_coretls.dylib
0x0000000041371000 	/usr/lib/system/libsystem_dnssd.dylib
0x0000000041371000 	/usr/lib/system/libsystem_info.dylib
0x0000000041371000 	/usr/lib/system/libsystem_kernel.dylib
0x0000000041371000 	/usr/lib/system/libsystem_m.dylib
0x0000000041371000 	/usr/lib/system/libsystem_malloc.dylib
0x0000000041371000 	/usr/lib/system/libsystem_network.dylib
0x0000000041371000 	/usr/lib/system/libsystem_networkextension.dylib
0x0000000041371000 	/usr/lib/system/libsystem_notify.dylib
0x0000000041371000 	/usr/lib/system/libsystem_platform.dylib
0x0000000041371000 	/usr/lib/system/libsystem_pthread.dylib
0x0000000041371000 	/usr/lib/system/libsystem_sandbox.dylib
0x0000000041371000 	/usr/lib/system/libsystem_secinit.dylib
0x0000000041371000 	/usr/lib/system/libsystem_symptoms.dylib
0x0000000041371000 	/usr/lib/system/libsystem_trace.dylib
0x0000000041371000 	/usr/lib/system/libunwind.dylib
0x0000000041371000 	/usr/lib/system/libxpc.dylib
0x0000000041371000 	/usr/lib/libbsm.0.dylib
0x0000000041371000 	/usr/lib/system/libkxld.dylib
0x0000000041371000 	/usr/lib/libcoretls.dylib
0x0000000041371000 	/usr/lib/libcoretls_cfhelpers.dylib
0x0000000041371000 	/usr/lib/libOpenScriptingUtil.dylib
0x0000000041371000 	/usr/lib/libpam.2.dylib
0x0000000041371000 	/usr/lib/libsqlite3.dylib
0x0000000041371000 	/usr/lib/libxar.1.dylib
0x0000000041371000 	/usr/lib/libbz2.1.0.dylib
0x0000000041371000 	/usr/lib/liblzma.5.dylib
0x0000000041371000 	/usr/lib/libnetwork.dylib
0x0000000041371000 	/usr/lib/libpcap.A.dylib
0x0000000041371000 	/System/Library/Frameworks/CoreServices.framework/Versions/A/Frameworks/FSEvents.framework/Versions/A/FSEvents
0x0000000041371000 	/System/Library/Frameworks/CoreServices.framework/Versions/A/Frameworks/CarbonCore.framework/Versions/A/CarbonCore
0x0000000041371000 	/System/Library/Frameworks/CoreServices.framework/Versions/A/Frameworks/Metadata.framework/Versions/A/Metadata
0x0000000041371000 	/System/Library/Frameworks/CoreServices.framework/Versions/A/Frameworks/OSServices.framework/Versions/A/OSServices
0x0000000041371000 	/System/Library/Frameworks/CoreServices.framework/Versions/A/Frameworks/SearchKit.framework/Versions/A/SearchKit
0x0000000041371000 	/System/Library/Frameworks/CoreServices.framework/Versions/A/Frameworks/AE.framework/Versions/A/AE
0x0000000041371000 	/System/Library/Frameworks/CoreServices.framework/Versions/A/Frameworks/LaunchServices.framework/Versions/A/LaunchServices
0x0000000041371000 	/System/Library/Frameworks/CoreServices.framework/Versions/A/Frameworks/DictionaryServices.framework/Versions/A/DictionaryServices
0x0000000041371000 	/System/Library/Frameworks/CoreServices.framework/Versions/A/Frameworks/SharedFileList.framework/Versions/A/SharedFileList
0x0000000041371000 	/System/Library/Frameworks/NetFS.framework/Versions/A/NetFS
0x0000000041371000 	/System/Library/PrivateFrameworks/NetAuth.framework/Versions/A/NetAuth
0x0000000041371000 	/System/Library/PrivateFrameworks/login.framework/Versions/A/Frameworks/loginsupport.framework/Versions/A/loginsupport
0x0000000041371000 	/System/Library/PrivateFrameworks/TCC.framework/Versions/A/TCC
0x0000000041371000 	/usr/lib/libmecabra.dylib
0x0000000041371000 	/System/Library/Frameworks/ApplicationServices.framework/Versions/A/Frameworks/ATS.framework/Versions/A/ATS
0x0000000041371000 	/System/Library/Frameworks/ApplicationServices.framework/Versions/A/Frameworks/ColorSync.framework/Versions/A/ColorSync
0x0000000041371000 	/System/Library/Frameworks/ApplicationServices.framework/Versions/A/Frameworks/HIServices.framework/Versions/A/HIServices
0x0000000041371000 	/System/Library/Frameworks/ApplicationServices.framework/Versions/A/Frameworks/LangAnalysis.framework/Versions/A/LangAnalysis
0x0000000041371000 	/System/Library/Frameworks/ApplicationServices.framework/Versions/A/Frameworks/PrintCore.framework/Versions/A/PrintCore
0x0000000041371000 	/System/Library/Frameworks/ApplicationServices.framework/Versions/A/Frameworks/QD.framework/Versions/A/QD
0x0000000041371000 	/System/Library/Frameworks/ApplicationServices.framework/Versions/A/Frameworks/SpeechSynthesis.framework/Versions/A/SpeechSynthesis
0x0000000041371000 	/System/Library/Frameworks/Accelerate.framework/Versions/A/Frameworks/vImage.framework/Versions/A/vImage
0x0000000041371000 	/System/Library/Frameworks/Accelerate.framework/Versions/A/Frameworks/vecLib.framework/Versions/A/vecLib
0x0000000041371000 	/System/Library/Frameworks/Accelerate.framework/Versions/A/Frameworks/vecLib.framework/Versions/A/libvDSP.dylib
0x0000000041371000 	/System/Library/Frameworks/Accelerate.framework/Versions/A/Frameworks/vecLib.framework/Versions/A/libBNNS.dylib
0x0000000041371000 	/System/Library/Frameworks/Accelerate.framework/Versions/A/Frameworks/vecLib.framework/Versions/A/libQuadrature.dylib
0x0000000041371000 	/System/Library/Frameworks/Accelerate.framework/Versions/A/Frameworks/vecLib.framework/Versions/A/libvMisc.dylib
0x0000000041371000 	/System/Library/Frameworks/Accelerate.framework/Versions/A/Frameworks/vecLib.framework/Versions/A/libLAPACK.dylib
0x0000000041371000 	/System/Library/Frameworks/Accelerate.framework/Versions/A/Frameworks/vecLib.framework/Versions/A/libBLAS.dylib
0x0000000041371000 	/System/Library/Frameworks/Accelerate.framework/Versions/A/Frameworks/vecLib.framework/Versions/A/libLinearAlgebra.dylib
0x0000000041371000 	/System/Library/Frameworks/Accelerate.framework/Versions/A/Frameworks/vecLib.framework/Versions/A/libSparseBLAS.dylib
0x0000000041371000 	/System/Library/Frameworks/ApplicationServices.framework/Versions/A/Frameworks/ATS.framework/Versions/A/Resources/libFontParser.dylib
0x0000000041371000 	/System/Library/Frameworks/ApplicationServices.framework/Versions/A/Frameworks/ATS.framework/Versions/A/Resources/libFontRegistry.dylib
0x0000000041371000 	/System/Library/Frameworks/ImageIO.framework/Versions/A/Resources/libJPEG.dylib
0x0000000041371000 	/System/Library/Frameworks/ImageIO.framework/Versions/A/Resources/libTIFF.dylib
0x0000000041371000 	/System/Library/Frameworks/ImageIO.framework/Versions/A/Resources/libPng.dylib
0x0000000041371000 	/System/Library/Frameworks/ImageIO.framework/Versions/A/Resources/libGIF.dylib
0x0000000041371000 	/System/Library/Frameworks/ImageIO.framework/Versions/A/Resources/libJP2.dylib
0x0000000041371000 	/System/Library/Frameworks/ImageIO.framework/Versions/A/Resources/libRadiance.dylib
0x0000000041371000 	/usr/lib/libcompression.dylib
0x0000000041371000 	/System/Library/PrivateFrameworks/AppleJPEG.framework/Versions/A/AppleJPEG
0x0000000041371000 	/usr/lib/libcups.2.dylib
0x0000000041371000 	/System/Library/Frameworks/Kerberos.framework/Versions/A/Kerberos
0x0000000041371000 	/System/Library/Frameworks/GSS.framework/Versions/A/GSS
0x0000000041371000 	/usr/lib/libresolv.9.dylib
0x0000000041371000 	/usr/lib/libiconv.2.dylib
0x0000000041371000 	/System/Library/PrivateFrameworks/Heimdal.framework/Versions/A/Heimdal
0x0000000041371000 	/usr/lib/libheimdal-asn1.dylib
0x0000000041371000 	/System/Library/Frameworks/OpenDirectory.framework/Versions/A/OpenDirectory
0x0000000041371000 	/System/Library/PrivateFrameworks/CommonAuth.framework/Versions/A/CommonAuth
0x0000000041371000 	/System/Library/Frameworks/OpenDirectory.framework/Versions/A/Frameworks/CFOpenDirectory.framework/Versions/A/CFOpenDirectory
0x0000000041371000 	/System/Library/Frameworks/SecurityFoundation.framework/Versions/A/SecurityFoundation
0x0000000041371000 	/System/Library/PrivateFrameworks/LanguageModeling.framework/Versions/A/LanguageModeling
0x0000000041371000 	/usr/lib/libmarisa.dylib
0x0000000041371000 	/usr/lib/libChineseTokenizer.dylib
0x0000000041371000 	/usr/lib/libcmph.dylib
0x0000000041371000 	/System/Library/PrivateFrameworks/CoreEmoji.framework/Versions/A/CoreEmoji
0x0000000041371000 	/System/Library/Frameworks/ServiceManagement.framework/Versions/A/ServiceManagement
0x0000000041371000 	/usr/lib/libxslt.1.dylib
0x0000000041371000 	/System/Library/Frameworks/Carbon.framework/Versions/A/Frameworks/Ink.framework/Versions/A/Ink
0x0000000041371000 	/System/Library/PrivateFrameworks/TextureIO.framework/Versions/A/TextureIO
0x0000000041371000 	/System/Library/Frameworks/Metal.framework/Versions/A/Metal
0x0000000041371000 	/usr/lib/libate.dylib
0x0000000041371000 	/System/Library/PrivateFrameworks/GPUCompiler.framework/libmetal_timestamp.dylib
0x0000000041371000 	/System/Library/Frameworks/OpenGL.framework/Versions/A/Libraries/libCoreFSCache.dylib
0x0000000041371000 	/System/Library/PrivateFrameworks/IOAccelerator.framework/Versions/A/IOAccelerator
0x0000000041371000 	/System/Library/Frameworks/CoreVideo.framework/Versions/A/CoreVideo
0x0000000041371000 	/usr/lib/libFosl_dynamic.dylib
0x0000000041371000 	/System/Library/PrivateFrameworks/MetalPerformanceShaders.framework/Versions/A/MetalPerformanceShaders
0x0000000041371000 	/System/Library/PrivateFrameworks/FaceCore.framework/Versions/A/FaceCore
0x0000000041371000 	/System/Library/Frameworks/OpenCL.framework/Versions/A/OpenCL
0x0000000041371000 	/System/Library/Frameworks/OpenGL.framework/Versions/A/Libraries/libGLU.dylib
0x0000000041371000 	/System/Library/Frameworks/OpenGL.framework/Versions/A/Libraries/libGFXShared.dylib
0x0000000041371000 	/System/Library/Frameworks/OpenGL.framework/Versions/A/Libraries/libGL.dylib
0x0000000041371000 	/System/Library/Frameworks/OpenGL.framework/Versions/A/Libraries/libGLImage.dylib
0x0000000041371000 	/System/Library/Frameworks/OpenGL.framework/Versions/A/Libraries/libCVMSPluginSupport.dylib
0x0000000041371000 	/System/Library/Frameworks/OpenGL.framework/Versions/A/Libraries/libCoreVMClient.dylib
0x0000000041371000 	/System/Library/PrivateFrameworks/CrashReporterSupport.framework/Versions/A/CrashReporterSupport
0x0000000041371000 	/System/Library/PrivateFrameworks/Sharing.framework/Versions/A/Sharing
0x0000000041371000 	/System/Library/PrivateFrameworks/IconServices.framework/Versions/A/IconServices
0x0000000041371000 	/System/Library/PrivateFrameworks/ProtocolBuffer.framework/Versions/A/ProtocolBuffer
0x0000000041371000 	/System/Library/PrivateFrameworks/Apple80211.framework/Versions/A/Apple80211
0x0000000041371000 	/System/Library/Frameworks/CoreWLAN.framework/Versions/A/CoreWLAN
0x0000000041371000 	/System/Library/PrivateFrameworks/CoreUtils.framework/Versions/A/CoreUtils
0x0000000041371000 	/System/Library/Frameworks/IOBluetooth.framework/Versions/A/IOBluetooth
0x0000000041371000 	/System/Library/PrivateFrameworks/CoreWiFi.framework/Versions/A/CoreWiFi
0x0000000041371000 	/System/Library/Frameworks/CoreBluetooth.framework/Versions/A/CoreBluetooth
0x0000000041371000 	/System/Library/Frameworks/CoreDisplay.framework/Versions/A/CoreDisplay
0x0000000041371000 	/System/Library/PrivateFrameworks/IOPresentment.framework/Versions/A/IOPresentment
0x0000000041371000 	/System/Library/PrivateFrameworks/DSExternalDisplay.framework/Versions/A/DSExternalDisplay
0x0000000041371000 	/System/Library/PrivateFrameworks/DebugSymbols.framework/Versions/A/DebugSymbols
0x0000000041371000 	/System/Library/PrivateFrameworks/CoreSymbolication.framework/Versions/A/CoreSymbolication
0x0000000041371000 	/System/Library/PrivateFrameworks/Symbolication.framework/Versions/A/Symbolication
0x0000000041371000 	/System/Library/PrivateFrameworks/AppleFSCompression.framework/Versions/A/AppleFSCompression
0x0000000041371000 	/System/Library/PrivateFrameworks/SpeechRecognitionCore.framework/Versions/A/SpeechRecognitionCore
0x0000000041371000 	/System/Library/PrivateFrameworks/ChunkingLibrary.framework/Versions/A/ChunkingLibrary
0x000000010e400000 	/Library/Java/JavaVirtualMachines/jdk1.8.0_131.jdk/Contents/Home/jre/lib/server/libjvm.dylib
0x0000000041371000 	/usr/lib/libstdc++.6.dylib
0x000000010d21d000 	/Library/Java/JavaVirtualMachines/jdk1.8.0_131.jdk/Contents/Home/jre/lib/libverify.dylib
0x000000010d22b000 	/Library/Java/JavaVirtualMachines/jdk1.8.0_131.jdk/Contents/Home/jre/lib/libjava.dylib
0x000000010d26a000 	/Library/Java/JavaVirtualMachines/jdk1.8.0_131.jdk/Contents/Home/jre/lib/libzip.dylib
0x0000000112ed0000 	/System/Library/Frameworks/JavaVM.framework/Frameworks/JavaRuntimeSupport.framework/JavaRuntimeSupport
0x0000000112eea000 	/System/Library/Frameworks/JavaVM.framework/Versions/A/Frameworks/JavaNativeFoundation.framework/Versions/A/JavaNativeFoundation
0x0000000112eff000 	/System/Library/Frameworks/JavaVM.framework/Versions/A/JavaVM
0x0000000041371000 	/System/Library/Frameworks/Carbon.framework/Versions/A/Carbon
0x0000000112f0c000 	/System/Library/PrivateFrameworks/JavaLaunching.framework/Versions/A/JavaLaunching
0x0000000041371000 	/System/Library/Frameworks/Carbon.framework/Versions/A/Frameworks/CommonPanels.framework/Versions/A/CommonPanels
0x0000000041371000 	/System/Library/Frameworks/Carbon.framework/Versions/A/Frameworks/Help.framework/Versions/A/Help
0x0000000041371000 	/System/Library/Frameworks/Carbon.framework/Versions/A/Frameworks/ImageCapture.framework/Versions/A/ImageCapture
0x0000000041371000 	/System/Library/Frameworks/Carbon.framework/Versions/A/Frameworks/OpenScripting.framework/Versions/A/OpenScripting
0x0000000041371000 	/System/Library/Frameworks/Carbon.framework/Versions/A/Frameworks/Print.framework/Versions/A/Print
0x0000000041371000 	/System/Library/Frameworks/Carbon.framework/Versions/A/Frameworks/SecurityHI.framework/Versions/A/SecurityHI
0x000000012bd25000 	/Library/Java/JavaVirtualMachines/jdk1.8.0_131.jdk/Contents/Home/jre/lib/libawt.dylib
0x000000012bdcd000 	/Library/Java/JavaVirtualMachines/jdk1.8.0_131.jdk/Contents/Home/jre/lib/./libmlib_image.dylib
0x000000012be99000 	/Library/Java/JavaVirtualMachines/jdk1.8.0_131.jdk/Contents/Home/jre/lib/libawt_lwawt.dylib
0x000000012bf50000 	/Library/Java/JavaVirtualMachines/jdk1.8.0_131.jdk/Contents/Home/jre/lib/./libosxapp.dylib
0x0000000041371000 	/System/Library/Frameworks/ExceptionHandling.framework/Versions/A/ExceptionHandling
0x0000000041371000 	/System/Library/PrivateFrameworks/CoreServicesInternal.framework/Versions/A/CoreServicesInternal
0x0000000041371000 	/System/Library/CoreServices/RawCamera.bundle/Contents/MacOS/RawCamera
0x0000000041371000 	/System/Library/Frameworks/Accelerate.framework/Versions/A/Frameworks/vImage.framework/Versions/A/Libraries/libCGInterfaces.dylib
0x0000000041371000 	/System/Library/Frameworks/ApplicationServices.framework/Versions/A/Frameworks/ATS.framework/Versions/A/Resources/libTrueTypeScaler.dylib
0x000000012df2a000 	/System/Library/Frameworks/OpenGL.framework/Resources/GLEngine.bundle/GLEngine
0x0000000041371000 	/System/Library/Frameworks/OpenGL.framework/Versions/A/Libraries/libGLProgrammability.dylib
0x000000012e10f000 	/System/Library/Extensions/AppleIntelHD5000GraphicsGLDriver.bundle/Contents/MacOS/AppleIntelHD5000GraphicsGLDriver
0x0000000041371000 	/System/Library/PrivateFrameworks/GPUSupport.framework/Versions/A/Libraries/libGPUSupportMercury.dylib
0x000000012e881000 	/System/Library/Extensions/AMDRadeonX4000GLDriver.bundle/Contents/MacOS/AMDRadeonX4000GLDriver
0x000000012e961000 	/System/Library/Extensions/AMDRadeonX4000GLDriver.bundle/Contents/MacOS/ATIRadeonX4000SCLib.dylib
0x000000012ef3e000 	/System/Library/Frameworks/OpenGL.framework/Resources//GLRendererFloat.bundle/GLRendererFloat
0x0000000041371000 	/System/Library/Frameworks/OpenCL.framework/Versions/A/Libraries/libcldcpuengine.dylib
0x0000000041371000 	/usr/lib/libcrypto.0.9.8.dylib
0x0000000041371000 	/System/Library/PrivateFrameworks/TrustEvaluationAgent.framework/Versions/A/TrustEvaluationAgent
0x0000000041371000 	/System/Library/Extensions/AMDMTLBronzeDriver.bundle/Contents/MacOS/AMDMTLBronzeDriver
0x0000000041371000 	/System/Library/PrivateFrameworks/IOAccelMemoryInfo.framework/Versions/A/IOAccelMemoryInfo
0x000000012ef90000 	/System/Library/Extensions/AppleIntelHD5000GraphicsMTLDriver.bundle/Contents/MacOS/AppleIntelHD5000GraphicsMTLDriver
0x0000000041371000 	/System/Library/PrivateFrameworks/FamilyControls.framework/Versions/A/FamilyControls
0x0000000041371000 	/System/Library/PrivateFrameworks/CommerceKit.framework/Versions/A/Frameworks/CommerceCore.framework/Versions/A/CommerceCore
0x0000000041371000 	/System/Library/PrivateFrameworks/SystemAdministration.framework/Versions/A/SystemAdministration
0x0000000041371000 	/System/Library/PrivateFrameworks/AppContainer.framework/Versions/A/AppContainer
0x0000000041371000 	/System/Library/PrivateFrameworks/SecCodeWrapper.framework/Versions/A/SecCodeWrapper
0x0000000041371000 	/System/Library/Frameworks/DirectoryService.framework/Versions/A/DirectoryService
0x0000000041371000 	/System/Library/PrivateFrameworks/DiskImages.framework/Versions/A/DiskImages
0x0000000041371000 	/System/Library/PrivateFrameworks/LoginUIKit.framework/Versions/A/Frameworks/LoginUICore.framework/Versions/A/LoginUICore
0x0000000041371000 	/usr/lib/libCoreStorage.dylib
0x0000000041371000 	/usr/lib/libcsfde.dylib
0x0000000041371000 	/usr/lib/libodfde.dylib
0x0000000041371000 	/System/Library/Frameworks/DiscRecording.framework/Versions/A/DiscRecording
0x0000000041371000 	/usr/lib/libcurl.4.dylib
0x0000000041371000 	/System/Library/PrivateFrameworks/MediaKit.framework/Versions/A/MediaKit
0x0000000041371000 	/System/Library/PrivateFrameworks/ProtectedCloudStorage.framework/Versions/A/ProtectedCloudStorage
0x0000000041371000 	/System/Library/PrivateFrameworks/EFILogin.framework/Versions/A/EFILogin
0x0000000041371000 	/usr/lib/libutil.dylib
0x0000000041371000 	/System/Library/Frameworks/LDAP.framework/Versions/A/LDAP
0x0000000041371000 	/usr/lib/libsasl2.2.dylib
0x0000000041371000 	/System/Library/PrivateFrameworks/CoreDaemon.framework/Versions/B/CoreDaemon
0x0000000041371000 	/System/Library/PrivateFrameworks/AppleSRP.framework/Versions/A/AppleSRP
0x0000000041371000 	/System/Library/PrivateFrameworks/APFS.framework/Versions/A/APFS
0x00000001303bc000 	/Library/Java/JavaVirtualMachines/jdk1.8.0_131.jdk/Contents/Home/jre/lib/libfontmanager.dylib
0x0000000130423000 	/Users/rishabhrustogi/NetBeansProjects/lwjgl-2.9.3/native/macosx/liblwjgl.dylib
0x000000012ce9b000 	/Library/Java/JavaVirtualMachines/jdk1.8.0_131.jdk/Contents/Home/jre/lib/libjawt.dylib
0x0000000041371000 	/System/Library/PrivateFrameworks/ViewBridge.framework/Versions/A/ViewBridge
0x0000000041371000 	/System/Library/PrivateFrameworks/XPCService.framework/Versions/A/XPCService
0x0000000041371000 	/System/Library/PrivateFrameworks/AppSandbox.framework/Versions/A/AppSandbox
0x0000000041371000 	/usr/lib/libsandbox.1.dylib
0x0000000041371000 	/usr/lib/libMatch.1.dylib

VM Arguments:
jvm_args: -Dfile.encoding=UTF-8 -Djava.library.path=/Users/rishabhrustogi/NetBeansProjects/lwjgl-2.9.3/native/macosx 
java_command: gamer.TimerExample
java_class_path (initial): /Users/rishabhrustogi/NetBeansProjects/lwjgl-2.9.3/jar/AppleJavaExtensions.jar:/Users/rishabhrustogi/NetBeansProjects/lwjgl-2.9.3/jar/asm-debug-all.jar:/Users/rishabhrustogi/NetBeansProjects/lwjgl-2.9.3/jar/jinput.jar:/Users/rishabhrustogi/NetBeansProjects/lwjgl-2.9.3/jar/laf-plugin-7.2.1.jar:/Users/rishabhrustogi/NetBeansProjects/lwjgl-2.9.3/jar/laf-widget-7.2.1.jar:/Users/rishabhrustogi/NetBeansProjects/lwjgl-2.9.3/jar/log4j-api-2.0-beta9.jar:/Users/rishabhrustogi/NetBeansProjects/lwjgl-2.9.3/jar/lwjgl-debug.jar:/Users/rishabhrustogi/NetBeansProjects/lwjgl-2.9.3/jar/lwjgl.jar:/Users/rishabhrustogi/NetBeansProjects/lwjgl-2.9.3/jar/lwjgl_test.jar:/Users/rishabhrustogi/NetBeansProjects/lwjgl-2.9.3/jar/lwjgl_util.jar:/Users/rishabhrustogi/NetBeansProjects/lwjgl-2.9.3/jar/lwjgl_util_applet.jar:/Users/rishabhrustogi/NetBeansProjects/lwjgl-2.9.3/jar/lzma.jar:/Users/rishabhrustogi/NetBeansProjects/lwjgl-2.9.3/jar/substance-7.2.1.jar:/Users/rishabhrustogi/NetBeansProjects/lwjgl-2.9.3/jar/trident-7.2.1.jar:/Users/rishabhrustogi/NetBeansProjects:/Users/rishabhrustogi/NetBeansProjects/lib/ibxm.jar:/Users/rishabhrustogi/NetBeansProjects/lib/jogg-0.0.7.jar:/Users/rishabhrustogi/NetBeansProjects/lib/jorbis-0.0.15.jar:/Users/rishabhrustogi/NetBeansProjects/lib/lwjgl.jar:/Users/rishabhrustogi/NetBeansProjects/lib/lwjgl_util.jar:/Users/rishabhrustogi/NetBeansProjects/lib/lwjgl_util_applet.jar:/Users/rishabhrustogi/NetBeansProjects/lib/natives-linux.jar:/Users/rishabhrustogi/NetBeansProjects/lib/natives-mac.jar:/Users/rishabhrustogi/NetBeansProjects/lib/natives-windows.jar:/Users/rishabhrustogi/NetBeansProjects/lib/slick-util.jar:/Users/rishabhrustogi/NetBeansProjects/Gamer/build/classes
Launcher Type: SUN_STANDARD

Environment Variables:
PATH=/usr/bin:/bin:/usr/sbin:/sbin
LD_LIBRARY_PATH=/Library/Java/JavaVirtualMachines/jdk1.8.0_131.jdk/Contents/Home/jre/lib/amd64:/Library/Java/JavaVirtualMachines/jdk1.8.0_131.jdk/Contents/Home/jre/lib/i386:
SHELL=/bin/bash

Signal Handlers:
SIGSEGV: [libjvm.dylib+0x5b1eb1], sa_mask[0]=11111111011111110111111111111111, sa_flags=SA_ONSTACK|SA_RESTART|SA_SIGINFO
SIGBUS: [libjvm.dylib+0x5b1eb1], sa_mask[0]=11111111011111110111111111111111, sa_flags=SA_RESTART|SA_SIGINFO
SIGFPE: [libjvm.dylib+0x488988], sa_mask[0]=11111111011111110111111111111111, sa_flags=SA_RESTART|SA_SIGINFO
SIGPIPE: [libjvm.dylib+0x488988], sa_mask[0]=11111111011111110111111111111111, sa_flags=SA_RESTART|SA_SIGINFO
SIGXFSZ: [libjvm.dylib+0x488988], sa_mask[0]=11111111011111110111111111111111, sa_flags=SA_RESTART|SA_SIGINFO
SIGILL: [libjvm.dylib+0x488988], sa_mask[0]=11111111011111110111111111111111, sa_flags=SA_RESTART|SA_SIGINFO
SIGUSR1: SIG_DFL, sa_mask[0]=00000000000000000000000000000000, sa_flags=none
SIGUSR2: [libjvm.dylib+0x4884a6], sa_mask[0]=00100000000000000000000000000000, sa_flags=SA_RESTART|SA_SIGINFO
SIGHUP: [libjvm.dylib+0x486a7d], sa_mask[0]=11111111011111110111111111111111, sa_flags=SA_RESTART|SA_SIGINFO
SIGINT: SIG_IGN, sa_mask[0]=00000000000000000000000000000000, sa_flags=none
SIGTERM: [libjvm.dylib+0x486a7d], sa_mask[0]=11111111011111110111111111111111, sa_flags=SA_RESTART|SA_SIGINFO
SIGQUIT: [libjvm.dylib+0x486a7d], sa_mask[0]=11111111011111110111111111111111, sa_flags=SA_RESTART|SA_SIGINFO


---------------  S Y S T E M  ---------------

OS:Bsduname:Darwin 16.7.0 Darwin Kernel Version 16.7.0: Thu Jun 15 17:36:27 PDT 2017; root:xnu-3789.70.16~2/RELEASE_X86_64 x86_64
rlimit: STACK 8192k, CORE 0k, NPROC 709, NOFILE 10240, AS infinity
load average:2.90 2.04 1.91

CPU:total 8 (initial active 8) (4 cores per cpu, 2 threads per core) family 6 model 70 stepping 1, cmov, cx8, fxsr, mmx, sse, sse2, sse3, ssse3, sse4.1, sse4.2, popcnt, avx, avx2, aes, clmul, erms, lzcnt, ht, tsc, tscinvbit, bmi1, bmi2

Memory: 4k page, physical 16777216k(4047296k free)

/proc/meminfo:


vm_info: Java HotSpot(TM) 64-Bit Server VM (25.131-b11) for bsd-amd64 JRE (1.8.0_131-b11), built on Mar 15 2017 01:32:22 by "java_re" with gcc 4.2.1 (Based on Apple Inc. build 5658) (LLVM build 2336.11.00)

time: Wed Oct 11 18:47:32 2017
elapsed time: 2 seconds (0d 0h 0m 2s)

